id: 5, address: facebook.com disable for tracking
id: 5, address: facebook.com disable for tracking
id: 5, address: facebook.com disable for tracking
id: 5, address: facebook.com disable for tracking
id: 5, address: facebook.com disable for tracking
id: 5, address: facebook.com disable for tracking
id: 5, address: facebook.com disable for tracking
id: 5, address: facebook.com disable for tracking
id: 5, address: facebook.com disable for tracking
id: 5, address: facebook.com disable for tracking
id: 5, address: facebook.com disable for tracking
id: 5, address: facebook.com disable for tracking
id: 5, address: facebook.com disable for tracking
id: 5, address: facebook.com disable for tracking
id: 5, address: facebook.com disable for tracking
id: 5, address: facebook.com disable for tracking
id: 5, address: facebook.com disable for tracking
id: 5, address: facebook.com disable for tracking
id: 5, address: facebook.com disable for tracking
id: 5, address: facebook.com disable for tracking
id: 5, address: facebook.com disable for tracking
id: 5, address: facebook.com disable for tracking
id: 5, address: facebook.com - resolve in 0.000332
id: 5, address: facebook.com - resolve in 0.000318
id: 5, address: facebook.com - resolve in 0.000206
id: 5, address: facebook.com - resolve in 0.000192
id: 5, address: facebook.com - resolve in 0.00022
id: 5, address: facebook.com - resolve in 0.000292
id: 5, address: facebook.com - resolve in 0.000331
id: 5, address: facebook.com - resolve in 0.22001
id: 5, address: facebook.com - resolve in 0.307212
id: 5, address: facebook.com - resolve in 0.238971
id: 5, address: facebook.com - resolve in 0.348914
id: 5, address: facebook.com - resolve in 0.341339
id: 5, address: facebook.com - resolve in 0.223618
id: 5, address: facebook.com - resolve in 0.286739
id: 5, address: facebook.com - resolve in 0.327334
id: 5, address: facebook.com - resolve in 0.245823
id: 5, address: facebook.com - resolve in 0.337246
id: 5, address: facebook.com - resolve in 0.318455
id: 5, address: facebook.com - resolve in 0.230221
id: 5, address: facebook.com - resolve in 0.367392
id: 5, address: facebook.com - resolve in 0.337615
id: 5, address: facebook.com - resolve in 0.337861
id: 5, address: facebook.com - resolve in 0.347474
id: 5, address: facebook.com - resolve in 0.35037
id: 5, address: facebook.com - resolve in 0.223809
id: 5, address: facebook.com - resolve in 0.356169
id: 5, address: facebook.com - resolve in 0.223098
id: 5, address: facebook.com - resolve in 0.264909
id: 5, address: facebook.com - resolve in 0.359417
id: 5, address: facebook.com - resolve in 0.328673
id: 5, address: facebook.com - resolve in 0.345782
id: 5, address: facebook.com - resolve in 0.344775
id: 5, address: facebook.com - resolve in 0.341829
id: 5, address: facebook.com - resolve in 0.243364
id: 5, address: facebook.com - resolve in 0.243344
id: 5, address: facebook.com - resolve in 0.238999
id: 5, address: facebook.com - resolve in 0.221952
id: 5, address: facebook.com - resolve in 0.296797
id: 5, address: facebook.com - resolve in 0.352532
id: 5, address: facebook.com - resolve in 0.288167
id: 5, address: facebook.com - resolve in 0.342625
id: 5, address: facebook.com - resolve in 0.349187
id: 5, address: facebook.com - resolve in 0.341646
id: 5, address: facebook.com - resolve in 0.346971
id: 5, address: facebook.com - resolve in 0.338994
id: 5, address: facebook.com - resolve in 0.351905
id: 5, address: facebook.com - resolve in 0.340429
id: 5, address: facebook.com - resolve in 0.346372
id: 5, address: facebook.com - resolve in 0.350076
id: 5, address: facebook.com - resolve in 0.332627
id: 5, address: facebook.com - resolve in 0.367923
id: 5, address: facebook.com - resolve in 0.329124
id: 5, address: facebook.com - resolve in 0.365481
id: 5, address: facebook.com - resolve in 0.344397
id: 5, address: facebook.com not resolve
id: 5, address: facebook.com - resolve in 0.264973
id: 5, address: facebook.com - resolve in 0.275498
id: 5, address: facebook.com - resolve in 0.408226
id: 5, address: facebook.com - resolve in 0.347665
id: 5, address: facebook.com - resolve in 0.356603
id: 5, address: facebook.com - resolve in 0.326694
id: 5, address: facebook.com - resolve in 0.351613
id: 5, address: facebook.com - resolve in 0.747286
id: 5, address: facebook.com - resolve in 0.266072
id: 5, address: facebook.com - resolve in 0.284768
id: 5, address: facebook.com not resolve
id: 5, address: facebook.com - resolve in 0.262492
id: 5, address: facebook.com - resolve in 0.26483
id: 5, address: facebook.com - resolve in 0.272474
id: 5, address: facebook.com - resolve in 0.351928
id: 5, address: facebook.com - resolve in 0.26615
id: 5, address: facebook.com - resolve in 0.265732
id: 5, address: facebook.com - resolve in 0.31103
id: 5, address: facebook.com - resolve in 0.26939
id: 5, address: facebook.com - resolve in 0.273606
id: 5, address: facebook.com - resolve in 0.747014
id: 5, address: facebook.com - resolve in 0.389363
id: 5, address: facebook.com - resolve in 0.266768
id: 5, address: facebook.com - resolve in 0.307712
id: 5, address: facebook.com - resolve in 0.341853
id: 5, address: facebook.com - resolve in 0.278568
id: 5, address: facebook.com - resolve in 0.291685
id: 5, address: facebook.com - resolve in 0.265586
id: 5, address: facebook.com - resolve in 0.363302
id: 5, address: facebook.com - resolve in 0.367091
id: 5, address: facebook.com - resolve in 0.313687
id: 5, address: facebook.com - resolve in 0.352008
id: 5, address: facebook.com - resolve in 0.333651
id: 5, address: facebook.com - resolve in 0.344597
id: 5, address: facebook.com - resolve in 0.266851
id: 5, address: facebook.com - resolve in 0.336254
id: 5, address: facebook.com - resolve in 0.640952
id: 5, address: facebook.com not resolve
facebook.com at 2016-07-18 04:13:58 +0400
- resolve in 0.276589
facebook.com at 2016-07-18 04:14:00 +0400
- resolve in 0.444584
facebook.com at 2016-07-18 04:14:03 +0400
- resolve in 0.448414
facebook.com at 2016-07-18 04:14:05 +0400
- resolve in 0.445974
facebook.com at 2016-07-18 04:14:08 +0400
- resolve in 0.46249
facebook.com at 2016-07-18 04:14:10 +0400
- resolve in 0.432635
facebook.com at 2016-07-18 04:14:12 +0400
- resolve in 0.447411
facebook.com at 2016-07-18 04:14:15 +0400
- resolve in 0.444097
facebook.com at 2016-07-18 04:14:17 +0400
- resolve in 0.448217
facebook.com at 2016-07-18 04:14:20 +0400
- resolve in 0.446332
facebook.com at 2016-07-18 04:14:22 +0400
- resolve in 0.446804
facebook.com at 2016-07-18 04:14:25 +0400
- resolve in 0.22041
facebook.com at 2016-07-18 04:14:27 +0400
- resolve in 0.372056
facebook.com at 2016-07-18 04:26:45 +0400 - resolve in 0.327015
facebook.com at 2016-07-18 04:26:47 +0400 - resolve in 0.262346
facebook.com at 2016-07-18 04:26:50 +0400 - resolve in 0.456683
facebook.com at 2016-07-18 04:27:00 +0400 - resolve in 0.45172
facebook.com at 2016-07-18 04:27:02 +0400 - resolve in 0.448259
facebook.com at 2016-07-18 04:27:04 +0400 - resolve in 0.453407
facebook.com at 2016-07-18 04:27:07 +0400 - resolve in 0.263385
facebook.com at 2016-07-18 04:27:09 +0400 - resolve in 0.366207
facebook.com at 2016-07-18 04:27:12 +0400 - resolve in 0.399676
facebook.com at 2016-07-18 04:27:14 +0400 - resolve in 0.446915
facebook.com at 2016-07-18 04:27:16 +0400 - resolve in 0.446621
facebook.com at 2016-07-18 04:27:19 +0400 - resolve in 0.264124
facebook.com at 2016-07-18 04:27:21 +0400 - resolve in 0.322017
facebook.com at 2016-07-18 04:27:23 +0400 - resolve in 0.445026
facebook.com at 2016-07-18 04:27:26 +0400 - resolve in 0.444416
facebook.com at 2016-07-18 04:27:28 +0400 - resolve in 0.446806
facebook.com at 2016-07-18 04:27:31 +0400 - resolve in 0.445553
facebook.com at 2016-07-18 04:27:33 +0400 - resolve in 0.447265
facebook.com at 2016-07-18 04:27:36 +0400 - resolve in 0.450371
facebook.com at 2016-07-18 04:27:38 +0400 - resolve in 0.265777
facebook.com at 2016-07-18 04:27:40 +0400 - resolve in 0.262875
facebook.com at 2016-07-18 04:27:43 +0400 - resolve in 0.502334
facebook.com at 2016-07-18 04:27:45 +0400 - resolve in 0.4473
facebook.com at 2016-07-18 04:27:48 +0400 - resolve in 0.461066
facebook.com at 2016-07-18 04:27:50 +0400 - resolve in 0.432714
facebook.com at 2016-07-18 04:27:52 +0400 - resolve in 0.262189
facebook.com at 2016-07-18 04:27:55 +0400 - resolve in 0.263202
facebook.com at 2016-07-18 04:27:57 +0400 - resolve in 0.268367
facebook.com at 2016-07-18 04:27:59 +0400 - resolve in 0.263644
facebook.com at 2016-07-18 04:28:02 +0400 - resolve in 0.282694
facebook.com at 2016-07-18 04:28:04 +0400 - resolve in 0.41911
facebook.com at 2016-07-18 04:28:06 +0400 - resolve in 0.446096
facebook.com at 2016-07-18 04:28:09 +0400 - resolve in 0.47487
facebook.com at 2016-07-18 04:28:11 +0400 - resolve in 0.417285
facebook.com at 2016-07-18 04:28:14 +0400 - resolve in 0.345245
facebook.com at 2016-07-18 04:28:16 +0400 - resolve in 0.546273
facebook.com at 2016-07-18 04:28:19 +0400 - resolve in 0.445647
facebook.com at 2016-07-18 04:28:21 +0400 - resolve in 0.444405
facebook.com at 2016-07-18 04:28:24 +0400 - resolve in 0.262537
facebook.com at 2016-07-18 04:28:26 +0400 - resolve in 0.362155
facebook.com at 2016-07-18 04:28:28 +0400 - resolve in 0.419289
facebook.com at 2016-07-18 04:28:31 +0400 - resolve in 0.442838
facebook.com at 2016-07-18 04:28:33 +0400 - resolve in 0.446528
facebook.com at 2016-07-18 04:28:36 +0400 - resolve in 0.408387
facebook.com at 2016-07-18 04:28:39 +0400 - resolve in 0.604816
facebook.com at 2016-07-18 04:28:41 +0400 - resolve in 0.425849
facebook.com at 2016-07-18 04:28:43 +0400 - resolve in 0.265204
facebook.com at 2016-07-18 04:28:46 +0400 - resolve in 0.264709
facebook.com at 2016-07-18 04:28:48 +0400 - resolve in 0.263996
facebook.com at 2016-07-18 04:28:50 +0400 - resolve in 0.376144
facebook.com at 2016-07-18 04:28:53 +0400 - resolve in 0.264998
facebook.com at 2016-07-18 04:28:55 +0400 - resolve in 0.319137
facebook.com at 2016-07-18 04:28:57 +0400 - resolve in 0.448715
facebook.com at 2016-07-18 04:29:00 +0400 - resolve in 0.445642
facebook.com at 2016-07-18 04:29:02 +0400 - resolve in 0.444858
facebook.com at 2016-07-18 04:29:05 +0400 - resolve in 0.467083
facebook.com at 2016-07-18 04:29:07 +0400 - resolve in 0.427414
facebook.com at 2016-07-18 04:29:10 +0400 - resolve in 0.26283
facebook.com at 2016-07-18 04:29:12 +0400 - resolve in 0.32293
facebook.com at 2016-07-18 04:29:14 +0400 - resolve in 0.263598
facebook.com at 2016-07-18 04:29:17 +0400 - resolve in 0.322547
facebook.com at 2016-07-18 04:29:19 +0400 - resolve in 0.446315
facebook.com at 2016-07-18 04:29:21 +0400 - resolve in 0.451663
facebook.com at 2016-07-18 04:29:24 +0400 - resolve in 0.281826
facebook.com at 2016-07-18 04:29:26 +0400 - resolve in 0.268412
facebook.com at 2016-07-18 04:29:29 +0400 - resolve in 0.483671
facebook.com at 2016-07-18 04:29:31 +0400 - resolve in 0.451689
facebook.com at 2016-07-18 04:29:33 +0400 - resolve in 0.446392
facebook.com at 2016-07-18 04:29:36 +0400 - resolve in 0.26532
facebook.com at 2016-07-18 04:29:38 +0400 - resolve in 0.262769
facebook.com at 2016-07-18 04:29:41 +0400 - resolve in 0.521415
facebook.com at 2016-07-18 04:29:43 +0400 - resolve in 0.264893
facebook.com at 2016-07-18 04:29:45 +0400 - resolve in 0.30434
facebook.com at 2016-07-18 04:29:48 +0400 - resolve in 0.445395
facebook.com at 2016-07-18 04:29:50 +0400 - resolve in 0.272949
facebook.com at 2016-07-18 04:29:53 +0400 - resolve in 0.360912
facebook.com at 2016-07-18 04:29:55 +0400 - resolve in 0.448005
facebook.com at 2016-07-18 04:29:58 +0400 - resolve in 0.443414
facebook.com at 2016-07-18 04:30:00 +0400 - resolve in 0.448013
facebook.com at 2016-07-18 04:30:03 +0400 - resolve in 0.447226
facebook.com at 2016-07-18 04:30:05 +0400 - resolve in 0.461121
facebook.com at 2016-07-18 04:30:07 +0400 - resolve in 0.271154
facebook.com at 2016-07-18 04:30:10 +0400 - resolve in 0.307606
facebook.com at 2016-07-18 04:30:12 +0400 - resolve in 0.449552
facebook.com at 2016-07-18 04:30:14 +0400 - resolve in 0.264709
facebook.com at 2016-07-18 04:30:17 +0400 - resolve in 0.319258
facebook.com at 2016-07-18 04:30:19 +0400 - resolve in 0.447816
facebook.com at 2016-07-18 04:30:22 +0400 - resolve in 0.444802
facebook.com at 2016-07-18 04:30:24 +0400 - resolve in 0.262716
facebook.com at 2016-07-18 04:30:26 +0400 - resolve in 0.326201
facebook.com at 2016-07-18 04:30:29 +0400 - resolve in 0.444623
facebook.com at 2016-07-18 04:30:31 +0400 - resolve in 0.443765
facebook.com at 2016-07-18 04:30:34 +0400 - resolve in 0.44664
facebook.com at 2016-07-18 04:30:36 +0400 - resolve in 0.263524
facebook.com at 2016-07-18 04:30:38 +0400 - resolve in 0.263326
facebook.com at 2016-07-18 04:30:41 +0400 - resolve in 0.507014
facebook.com at 2016-07-18 04:30:43 +0400 - resolve in 0.448654
facebook.com at 2016-07-18 04:30:46 +0400 - resolve in 0.439508
facebook.com at 2016-07-18 04:30:48 +0400 - resolve in 0.485776
facebook.com at 2016-07-18 04:30:50 +0400 - resolve in 0.264496
facebook.com at 2016-07-18 04:30:53 +0400 - resolve in 0.278759
facebook.com at 2016-07-18 04:30:55 +0400 - resolve in 0.4407
id: 5, address: facebook.com not resolve
id: 5, address: facebook.com not resolve
id: 5, address: facebook.com not resolve
id: 5, address: facebook.com not resolve
id: 5, address: facebook.com not resolve
id: 5, address: facebook.com not resolve
id: 5, address: facebook.com not resolve
id: 5, address: facebook.com not resolve
id: 5, address: facebook.com not resolve
id: 5, address: facebook.com not resolve
id: 5, address: facebook.com not resolve
id: 5, address: facebook.com not resolve
id: 5, address: facebook.com not resolve
id: 5, address: facebook.com not resolve
id: 5, address: facebook.com not resolve
id: 5, address: facebook.com not resolve
id: 5, address: facebook.com not resolve
id: 5, address: facebook.com not resolve
id: 5, address: facebook.com not resolve
id: 5, address: facebook.com not resolve
id: 5, address: facebook.com not resolve
id: 5, address: facebook.com not resolve
id: 5, address: facebook.com not resolve
facebook.com at 2016-07-18 14:11:37 +0400 - resolve in 0.28294
facebook.com at 2016-07-18 14:11:39 +0400 - resolve in 0.29623
facebook.com at 2016-07-18 14:11:41 +0400 - resolve in 0.268649
facebook.com at 2016-07-18 14:11:44 +0400 - resolve in 0.335132
facebook.com at 2016-07-18 14:11:46 +0400 - resolve in 0.264766
facebook.com at 2016-07-18 14:11:48 +0400 - resolve in 0.305605
facebook.com at 2016-07-18 14:11:51 +0400 - resolve in 0.352115
facebook.com at 2016-07-18 14:11:53 +0400 - resolve in 0.360029
facebook.com at 2016-07-18 14:11:55 +0400 - resolve in 0.263585
facebook.com at 2016-07-18 14:11:58 +0400 - resolve in 0.281608
facebook.com at 2016-07-18 14:12:00 +0400 - resolve in 0.379491
facebook.com at 2016-07-18 14:12:03 +0400 - resolve in 0.374547
facebook.com at 2016-07-18 14:12:05 +0400 - resolve in 0.264334
facebook.com at 2016-07-18 14:12:07 +0400 - resolve in 0.402199
facebook.com at 2016-07-18 14:12:10 +0400 - resolve in 0.393253
facebook.com at 2016-07-18 14:12:12 +0400 - resolve in 0.401694
facebook.com at 2016-07-18 14:12:14 +0400 - resolve in 0.265459
facebook.com at 2016-07-18 14:12:17 +0400 - resolve in 0.418308
facebook.com at 2016-07-18 14:12:19 +0400 - resolve in 0.430487
facebook.com at 2016-07-18 14:12:22 +0400 - resolve in 0.379559
facebook.com at 2016-07-18 14:12:24 +0400 - resolve in 0.364387
facebook.com at 2016-07-18 14:12:26 +0400 - resolve in 0.264754
facebook.com at 2016-07-18 14:12:29 +0400 - resolve in 0.384963
facebook.com at 2016-07-18 14:12:31 +0400 - resolve in 0.381238
facebook.com at 2016-07-18 14:12:33 +0400 - resolve in 0.306961
facebook.com at 2016-07-18 14:12:36 +0400 - resolve in 0.266148
facebook.com at 2016-07-18 14:12:38 +0400 - resolve in 0.426682
facebook.com at 2016-07-18 14:12:40 +0400 - resolve in 0.381077
facebook.com at 2016-07-18 14:12:43 +0400 - resolve in 0.404843
facebook.com at 2016-07-18 14:12:45 +0400 - resolve in 0.489556
facebook.com at 2016-07-18 14:12:48 +0400 - resolve in 0.292879
facebook.com at 2016-07-18 14:12:50 +0400 - resolve in 0.386258
facebook.com at 2016-07-18 14:12:52 +0400 - resolve in 0.315846
facebook.com at 2016-07-18 14:12:55 +0400 - resolve in 0.265738
facebook.com at 2016-07-18 14:12:57 +0400 - resolve in 0.460799
facebook.com at 2016-07-18 14:13:00 +0400 - resolve in 0.362474
facebook.com at 2016-07-18 14:13:02 +0400 - resolve in 0.387261
facebook.com at 2016-07-18 14:13:04 +0400 - resolve in 0.441125
facebook.com at 2016-07-18 14:13:07 +0400 - resolve in 0.37006
facebook.com at 2016-07-18 14:13:09 +0400 - resolve in 0.382121
facebook.com at 2016-07-18 14:13:12 +0400 - resolve in 0.642169
facebook.com at 2016-07-18 14:13:14 +0400 - resolve in 0.398133
facebook.com at 2016-07-18 14:13:17 +0400 - resolve in 0.364029
facebook.com at 2016-07-18 14:13:19 +0400 - resolve in 0.393263
facebook.com at 2016-07-18 14:13:21 +0400 - resolve in 0.263962
facebook.com at 2016-07-18 14:13:24 +0400 - resolve in 0.265967
facebook.com at 2016-07-18 14:13:26 +0400 - resolve in 0.428924
facebook.com at 2016-07-18 14:13:28 +0400 - resolve in 0.381613
facebook.com at 2016-07-18 14:13:31 +0400 - resolve in 0.420915
facebook.com at 2016-07-18 14:13:33 +0400 - resolve in 0.443819
facebook.com at 2016-07-18 14:13:36 +0400 - resolve in 0.449424
facebook.com at 2016-07-18 14:13:38 +0400 - resolve in 0.264054
facebook.com at 2016-07-18 14:13:40 +0400 - resolve in 0.319698
facebook.com at 2016-07-18 14:13:43 +0400 - resolve in 0.446255
facebook.com at 2016-07-18 14:13:45 +0400 - resolve in 0.270145
facebook.com at 2016-07-18 14:13:47 +0400 - resolve in 0.313413
facebook.com at 2016-07-18 14:13:50 +0400 - resolve in 0.451078
facebook.com at 2016-07-18 14:13:52 +0400 - resolve in 0.472559
facebook.com at 2016-07-18 14:13:55 +0400 - resolve in 0.428533
facebook.com at 2016-07-18 14:13:57 +0400 - resolve in 0.449257
facebook.com at 2016-07-18 14:13:59 +0400 - resolve in 0.266399
facebook.com at 2016-07-18 14:14:02 +0400 - resolve in 0.323725
facebook.com at 2016-07-18 14:14:04 +0400 - resolve in 0.457435
facebook.com at 2016-07-18 14:14:07 +0400 - resolve in 0.437944
facebook.com at 2016-07-18 14:14:09 +0400 - resolve in 0.446317
facebook.com at 2016-07-18 14:14:12 +0400 - resolve in 0.446837
facebook.com at 2016-07-18 14:14:14 +0400 - resolve in 0.445149
facebook.com at 2016-07-18 14:14:17 +0400 - resolve in 0.447514
facebook.com at 2016-07-18 14:14:19 +0400 - resolve in 0.472967
facebook.com at 2016-07-18 14:14:21 +0400 - resolve in 0.417567
facebook.com at 2016-07-18 14:14:24 +0400 - resolve in 0.443952
id: 5, address: facebook.com not resolve
facebook.com at 2016-07-18 14:14:33 +0400 - resolve in 0.368019
facebook.com at 2016-07-18 14:14:36 +0400 - resolve in 0.573656
facebook.com at 2016-07-18 14:14:38 +0400 - resolve in 0.448001
facebook.com at 2016-07-18 14:14:41 +0400 - resolve in 0.447164
facebook.com at 2016-07-18 14:14:43 +0400 - resolve in 0.44738
facebook.com at 2016-07-18 14:14:46 +0400 - resolve in 0.445748
facebook.com at 2016-07-18 14:14:48 +0400 - resolve in 0.323073
facebook.com at 2016-07-18 14:14:50 +0400 - resolve in 0.264212
facebook.com at 2016-07-18 14:14:53 +0400 - resolve in 0.319487
facebook.com at 2016-07-18 14:14:55 +0400 - resolve in 0.26579
facebook.com at 2016-07-18 14:14:57 +0400 - resolve in 0.366997
facebook.com at 2016-07-18 14:15:00 +0400 - resolve in 0.263232
facebook.com at 2016-07-18 14:15:03 +0400 - resolve in 0.368941
facebook.com at 2016-07-18 14:15:05 +0400 - resolve in 0.448283
facebook.com at 2016-07-18 14:15:08 +0400 - resolve in 0.449266
facebook.com at 2016-07-18 14:15:10 +0400 - resolve in 0.274262
facebook.com at 2016-07-18 14:15:12 +0400 - resolve in 0.306309
facebook.com at 2016-07-18 14:15:15 +0400 - resolve in 0.446978
facebook.com at 2016-07-18 14:15:17 +0400 - resolve in 0.280822
facebook.com at 2016-07-18 14:15:19 +0400 - resolve in 0.264107
facebook.com at 2016-07-18 14:15:21 +0400 - resolve in 0.264853
facebook.com at 2016-07-18 14:15:24 +0400 - resolve in 0.339457
facebook.com at 2016-07-18 14:15:26 +0400 - resolve in 0.266864
facebook.com at 2016-07-18 14:15:28 +0400 - resolve in 0.263093
facebook.com at 2016-07-18 14:15:31 +0400 - resolve in 0.290946
facebook.com at 2016-07-18 14:15:33 +0400 - resolve in 0.263504
facebook.com at 2016-07-18 14:15:35 +0400 - resolve in 0.263045
facebook.com at 2016-07-18 14:15:38 +0400 - resolve in 0.263185
facebook.com at 2016-07-18 14:15:40 +0400 - resolve in 0.304946
facebook.com at 2016-07-18 14:15:42 +0400 - resolve in 0.263513
facebook.com at 2016-07-18 14:15:44 +0400 - resolve in 0.322706
facebook.com at 2016-07-18 14:15:47 +0400 - resolve in 0.262856
facebook.com at 2016-07-18 14:15:49 +0400 - resolve in 0.262834
facebook.com at 2016-07-18 14:15:51 +0400 - resolve in 0.267272
facebook.com at 2016-07-18 14:15:54 +0400 - resolve in 0.264204
facebook.com at 2016-07-18 14:15:56 +0400 - resolve in 0.433216
facebook.com at 2016-07-18 14:15:58 +0400 - resolve in 0.295367
facebook.com at 2016-07-18 14:16:01 +0400 - resolve in 0.262689
facebook.com at 2016-07-18 14:16:03 +0400 - resolve in 0.279554
facebook.com at 2016-07-18 14:16:05 +0400 - resolve in 0.289418
facebook.com at 2016-07-18 14:16:07 +0400 - resolve in 0.334106
facebook.com at 2016-07-18 14:16:10 +0400 - resolve in 0.426106
facebook.com at 2016-07-18 14:16:12 +0400 - resolve in 0.263746
facebook.com at 2016-07-18 14:16:14 +0400 - resolve in 0.26414
facebook.com at 2016-07-18 14:16:17 +0400 - resolve in 0.504424
facebook.com at 2016-07-18 14:16:19 +0400 - resolve in 0.446135
facebook.com at 2016-07-18 14:16:22 +0400 - resolve in 0.448396
facebook.com at 2016-07-18 14:16:24 +0400 - resolve in 0.444483
facebook.com at 2016-07-18 14:16:27 +0400 - resolve in 0.321517
facebook.com at 2016-07-18 14:16:29 +0400 - resolve in 0.445033
facebook.com at 2016-07-18 14:16:32 +0400 - resolve in 0.361103
facebook.com at 2016-07-18 14:16:34 +0400 - resolve in 0.26601
facebook.com at 2016-07-18 14:16:36 +0400 - resolve in 0.513044
facebook.com at 2016-07-18 14:16:39 +0400 - resolve in 0.446474
facebook.com at 2016-07-18 14:16:41 +0400 - resolve in 0.461515
facebook.com at 2016-07-18 14:16:44 +0400 - resolve in 0.429609
id: 5, address: facebook.com not resolve
id: 5, address: facebook.com not resolve
id: 5, address: facebook.com not resolve
id: 5, address: facebook.com not resolve
id: 5, address: facebook.com not resolve
id: 5, address: facebook.com not resolve
id: 5, address: facebook.com not resolve
id: 5, address: facebook.com not resolve
id: 5, address: facebook.com not resolve
id: 5, address: facebook.com not resolve
id: 5, address: facebook.com not resolve
id: 5, address: facebook.com not resolve
id: 5, address: facebook.com not resolve
id: 5, address: facebook.com not resolve
id: 5, address: facebook.com not resolve
id: 5, address: facebook.com not resolve
id: 5, address: facebook.com not resolve
id: 5, address: facebook.com not resolve
id: 5, address: facebook.com not resolve
id: 5, address: facebook.com not resolve
id: 5, address: facebook.com not resolve
facebook.com at 2016-07-18 14:25:04 +0400 - resolve in 0.363503
facebook.com at 2016-07-18 14:25:06 +0400 - resolve in 0.257303
facebook.com at 2016-07-18 14:25:09 +0400 - resolve in 0.808867
facebook.com at 2016-07-18 14:25:11 +0400 - resolve in 0.317068
facebook.com at 2016-07-18 14:25:14 +0400 - resolve in 0.219749
facebook.com at 2016-07-18 14:25:16 +0400 - resolve in 0.634589
facebook.com at 2016-07-18 14:25:19 +0400 - resolve in 0.949794
facebook.com at 2016-07-18 14:25:21 +0400 - resolve in 0.335841
id: 5, address: facebook.com not resolve
id: 5, address: facebook.com not resolve
facebook.com at 2016-07-18 14:25:38 +0400 - resolve in 0.579055
id: 5, address: facebook.com not resolve
id: 5, address: facebook.com not resolve
id: 5, address: facebook.com not resolve
facebook.com at 2016-07-18 14:26:02 +0400 - resolve in 1.223643
id: 5, address: facebook.com not resolve
facebook.com at 2016-07-18 14:26:12 +0400 - resolve in 0.843895
facebook.com at 2016-07-18 14:26:15 +0400 - resolve in 0.459531
facebook.com at 2016-07-18 14:26:18 +0400 - resolve in 1.824755
id: 5, address: facebook.com not resolve
id: 5, address: facebook.com not resolve
facebook.com at 2016-07-18 14:26:35 +0400 - resolve in 0.261493
id: 5, address: facebook.com not resolve
facebook.com at 2016-07-18 14:26:44 +0400 - resolve in 0.292054
facebook.com at 2016-07-18 14:26:46 +0400 - resolve in 0.313386
facebook.com at 2016-07-18 14:26:49 +0400 - resolve in 0.281515
facebook.com at 2016-07-18 14:26:51 +0400 - resolve in 0.328721
facebook.com at 2016-07-18 14:26:53 +0400 - resolve in 0.244119
facebook.com at 2016-07-18 14:26:56 +0400 - resolve in 0.281575
facebook.com at 2016-07-18 14:26:58 +0400 - resolve in 0.300661
facebook.com at 2016-07-18 14:27:00 +0400 - resolve in 0.239873
facebook.com at 2016-07-18 14:27:02 +0400 - resolve in 0.240313
facebook.com at 2016-07-18 14:27:05 +0400 - resolve in 0.255959
facebook.com at 2016-07-18 14:27:07 +0400 - resolve in 0.432851
facebook.com at 2016-07-18 14:27:09 +0400 - resolve in 0.230896
facebook.com at 2016-07-18 14:27:12 +0400 - resolve in 0.257338
facebook.com at 2016-07-18 14:27:14 +0400 - resolve in 0.220292
facebook.com at 2016-07-18 14:27:16 +0400 - resolve in 0.264377
facebook.com at 2016-07-18 14:27:18 +0400 - resolve in 0.218114
id: 5, address: facebook.com not resolve
facebook.com at 2016-07-18 14:27:29 +0400 - resolve in 1.607701
facebook.com at 2016-07-18 14:27:34 +0400 - resolve in 3.127684
facebook.com at 2016-07-18 14:27:37 +0400 - resolve in 0.39695
facebook.com at 2016-07-18 14:27:39 +0400 - resolve in 0.313413
facebook.com at 2016-07-18 14:27:44 +0400 - resolve in 3.500819
facebook.com at 2016-07-18 14:27:51 +0400 - resolve in 4.509671
id: 5, address: facebook.com not resolve
id: 5, address: facebook.com not resolve
facebook.com at 2016-07-18 14:28:08 +0400 - resolve in 0.578905
facebook.com at 2016-07-18 14:28:13 +0400 - resolve in 3.182823
id: 5, address: facebook.com not resolve
facebook.com at 2016-07-18 14:28:32 +0400 - resolve in 0.000468
id: 5, address: facebook.com not resolve
facebook.com at 2016-07-18 14:28:46 +0400 - resolve in 4.636943
facebook.com at 2016-07-18 14:28:50 +0400 - resolve in 1.57244
facebook.com at 2016-07-18 14:28:56 +0400 - resolve in 4.692601
facebook.com at 2016-07-18 14:29:00 +0400 - resolve in 1.752697
facebook.com at 2016-07-18 14:29:02 +0400 - resolve in 0.263263
facebook.com at 2016-07-18 14:29:05 +0400 - resolve in 0.743448
facebook.com at 2016-07-18 14:29:07 +0400 - resolve in 0.299713
facebook.com at 2016-07-18 14:29:10 +0400 - resolve in 0.774554
id: 5, address: facebook.com not resolve
facebook.com at 2016-07-18 14:29:20 +0400 - resolve in 0.555827
facebook.com at 2016-07-18 14:29:22 +0400 - resolve in 0.554196
facebook.com at 2016-07-18 14:29:26 +0400 - resolve in 1.681447
facebook.com at 2016-07-18 14:29:30 +0400 - resolve in 2.039325
facebook.com at 2016-07-18 14:29:35 +0400 - resolve in 2.605536
facebook.com at 2016-07-18 14:29:41 +0400 - resolve in 1.716209
facebook.com at 2016-07-18 14:29:45 +0400 - resolve in 2.257798
id: 5, address: facebook.com not resolve
facebook.com at 2016-07-18 14:29:55 +0400 - resolve in 0.296694
facebook.com at 2016-07-18 14:29:58 +0400 - resolve in 0.794325
facebook.com at 2016-07-18 14:30:02 +0400 - resolve in 2.345199
facebook.com at 2016-07-18 14:30:08 +0400 - resolve in 3.612199
facebook.com at 2016-07-18 14:30:12 +0400 - resolve in 2.481793
id: 5, address: facebook.com not resolve
facebook.com at 2016-07-18 14:30:24 +0400 - resolve in 2.455042
id: 5, address: facebook.com not resolve
facebook.com at 2016-07-18 14:30:35 +0400 - resolve in 2.361419
id: 5, address: facebook.com not resolve
id: 5, address: facebook.com not resolve
id: 5, address: facebook.com not resolve
id: 5, address: facebook.com not resolve
facebook.com at 2016-07-18 14:31:05 +0400 - resolve in 0.314902
id: 5, address: facebook.com not resolve
facebook.com at 2016-07-18 14:31:15 +0400 - resolve in 0.536888
facebook.com at 2016-07-18 14:31:18 +0400 - resolve in 0.839585
facebook.com at 2016-07-18 14:31:21 +0400 - resolve in 1.027624
facebook.com at 2016-07-18 14:31:24 +0400 - resolve in 0.90854
facebook.com at 2016-07-18 14:31:26 +0400 - resolve in 0.532849
facebook.com at 2016-07-18 14:31:29 +0400 - resolve in 0.266572
facebook.com at 2016-07-18 14:31:31 +0400 - resolve in 0.282528
facebook.com at 2016-07-18 14:31:34 +0400 - resolve in 0.683125
facebook.com at 2016-07-18 14:31:36 +0400 - resolve in 0.532356
facebook.com at 2016-07-18 14:31:39 +0400 - resolve in 1.002062
facebook.com at 2016-07-18 14:31:44 +0400 - resolve in 2.561939
id: 5, address: facebook.com not resolve
facebook.com at 2016-07-18 14:31:53 +0400 - resolve in 0.496906
facebook.com at 2016-07-18 14:31:58 +0400 - resolve in 2.532183
id: 5, address: facebook.com not resolve
id: 5, address: facebook.com not resolve
facebook.com at 2016-07-18 14:32:19 +0400 - resolve in 4.79061
facebook.com at 2016-07-18 14:32:26 +0400 - resolve in 4.981061
id: 5, address: facebook.com not resolve
id: 5, address: facebook.com not resolve
facebook.com at 2016-07-18 14:32:47 +0400 - resolve in 4.97217
facebook.com at 2016-07-18 14:32:52 +0400 - resolve in 3.597299
facebook.com at 2016-07-18 14:32:57 +0400 - resolve in 2.622247
facebook.com at 2016-07-18 14:33:03 +0400 - resolve in 4.076762
id: 5, address: facebook.com not resolve
id: 5, address: facebook.com not resolve
facebook.com at 2016-07-18 14:33:19 +0400 - resolve in 0.277956
facebook.com at 2016-07-18 14:33:22 +0400 - resolve in 0.557123
id: 5, address: facebook.com not resolve
facebook.com at 2016-07-18 14:33:38 +0400 - resolve in 3.079404
facebook.com at 2016-07-18 14:33:44 +0400 - resolve in 3.073831
facebook.com at 2016-07-18 14:33:47 +0400 - resolve in 1.797453
id: 5, address: facebook.com not resolve
facebook.com at 2016-07-18 14:33:58 +0400 - resolve in 1.156241
id: 5, address: facebook.com not resolve
facebook.com at 2016-07-18 14:34:07 +0400 - resolve in 0.267619
facebook.com at 2016-07-18 14:34:09 +0400 - resolve in 0.269802
facebook.com at 2016-07-18 14:34:12 +0400 - resolve in 1.180892
id: 5, address: facebook.com not resolve
id: 5, address: facebook.com not resolve
id: 5, address: facebook.com not resolve
facebook.com at 2016-07-18 14:34:37 +0400 - resolve in 1.632385
facebook.com at 2016-07-18 14:34:47 +0400 - resolve in 3.500582
id: 5, address: facebook.com not resolve
id: 5, address: facebook.com not resolve
id: 5, address: facebook.com not resolve
facebook.com at 2016-07-18 14:35:11 +0400 - resolve in 1.091409
facebook.com at 2016-07-18 14:35:15 +0400 - resolve in 1.596185
facebook.com at 2016-07-18 14:35:19 +0400 - resolve in 2.040008
id: 5, address: facebook.com not resolve
facebook.com at 2016-07-18 14:35:29 +0400 - resolve in 0.579421
id: 5, address: facebook.com not resolve
facebook.com at 2016-07-18 14:35:39 +0400 - resolve in 1.310955
facebook.com at 2016-07-18 14:35:42 +0400 - resolve in 1.304033
facebook.com at 2016-07-18 14:35:46 +0400 - resolve in 1.26799
facebook.com at 2016-07-18 14:35:48 +0400 - resolve in 0.329533
facebook.com at 2016-07-18 14:35:50 +0400 - resolve in 0.270507
facebook.com at 2016-07-18 14:35:53 +0400 - resolve in 0.321875
facebook.com at 2016-07-18 14:35:55 +0400 - resolve in 0.644385
id: 5, address: facebook.com not resolve
facebook.com at 2016-07-18 14:36:04 +0400 - resolve in 0.271116
id: 5, address: facebook.com not resolve
facebook.com at 2016-07-18 14:36:14 +0400 - resolve in 0.272353
id: 5, address: facebook.com not resolve
facebook.com at 2016-07-18 14:36:23 +0400 - resolve in 0.267718
facebook.com at 2016-07-18 14:36:25 +0400 - resolve in 0.270061
facebook.com at 2016-07-18 14:36:28 +0400 - resolve in 0.283985
id: 5, address: facebook.com not resolve
facebook.com at 2016-07-18 14:36:36 +0400 - resolve in 0.351224
facebook.com at 2016-07-18 14:36:38 +0400 - resolve in 0.447216
facebook.com at 2016-07-18 14:36:40 +0400 - resolve in 0.341773
facebook.com at 2016-07-18 14:36:43 +0400 - resolve in 0.277348
facebook.com at 2016-07-18 14:36:45 +0400 - resolve in 0.302476
id: 5, address: facebook.com not resolve
facebook.com at 2016-07-18 14:36:54 +0400 - resolve in 0.295052
facebook.com at 2016-07-18 14:36:57 +0400 - resolve in 0.270375
facebook.com at 2016-07-18 14:36:59 +0400 - resolve in 0.269018
facebook.com at 2016-07-18 14:37:01 +0400 - resolve in 0.284949
facebook.com at 2016-07-18 14:37:03 +0400 - resolve in 0.267609
id: 5, address: facebook.com not resolve
id: 5, address: facebook.com not resolve
facebook.com at 2016-07-18 14:37:20 +0400 - resolve in 0.26735
facebook.com at 2016-07-18 14:37:22 +0400 - resolve in 0.266882
facebook.com at 2016-07-18 14:37:24 +0400 - resolve in 0.362965
id: 5, address: facebook.com not resolve
facebook.com at 2016-07-18 14:37:34 +0400 - resolve in 0.300324
id: 5, address: facebook.com not resolve
facebook.com at 2016-07-18 14:37:43 +0400 - resolve in 0.40554
id: 5, address: facebook.com not resolve
facebook.com at 2016-07-18 14:37:53 +0400 - resolve in 0.380745
facebook.com at 2016-07-18 14:37:55 +0400 - resolve in 0.34396
id: 5, address: facebook.com not resolve
facebook.com at 2016-07-18 14:38:04 +0400 - resolve in 0.26922
id: 5, address: facebook.com not resolve
facebook.com at 2016-07-18 14:38:14 +0400 - resolve in 0.28188
facebook.com at 2016-07-18 14:38:16 +0400 - resolve in 0.269944
id: 5, address: facebook.com not resolve
facebook.com at 2016-07-18 14:38:25 +0400 - resolve in 0.270778
id: 5, address: facebook.com not resolve
facebook.com at 2016-07-18 14:38:35 +0400 - resolve in 0.314353
facebook.com at 2016-07-18 14:38:37 +0400 - resolve in 0.341647
facebook.com at 2016-07-18 14:38:41 +0400 - resolve in 0.383398
facebook.com at 2016-07-18 14:38:43 +0400 - resolve in 0.242276
facebook.com at 2016-07-18 14:38:45 +0400 - resolve in 0.226301
facebook.com at 2016-07-18 14:38:48 +0400 - resolve in 0.23459
facebook.com at 2016-07-18 14:38:50 +0400 - resolve in 0.225657
facebook.com at 2016-07-18 14:38:52 +0400 - resolve in 0.37846
id: 5, address: facebook.com not resolve
facebook.com at 2016-07-18 14:39:01 +0400 - resolve in 0.225445
facebook.com at 2016-07-18 14:39:04 +0400 - resolve in 0.307366
facebook.com at 2016-07-18 14:39:06 +0400 - resolve in 0.243957
id: 5, address: facebook.com not resolve
facebook.com at 2016-07-18 14:39:15 +0400 - resolve in 0.227816
facebook.com at 2016-07-18 14:39:18 +0400 - resolve in 0.225249
facebook.com at 2016-07-18 14:39:20 +0400 - resolve in 0.241698
facebook.com at 2016-07-18 14:39:22 +0400 - resolve in 0.228004
facebook.com at 2016-07-18 14:39:24 +0400 - resolve in 0.341665
facebook.com at 2016-07-18 14:39:27 +0400 - resolve in 0.2263
facebook.com at 2016-07-18 14:39:29 +0400 - resolve in 0.258756
id: 5, address: facebook.com not resolve
facebook.com at 2016-07-18 14:39:39 +0400 - resolve in 0.223605
id: 5, address: facebook.com not resolve
facebook.com at 2016-07-18 14:39:49 +0400 - resolve in 0.225765
facebook.com at 2016-07-18 14:39:51 +0400 - resolve in 0.225684
facebook.com at 2016-07-18 14:39:53 +0400 - resolve in 0.306404
facebook.com at 2016-07-18 14:39:55 +0400 - resolve in 0.225234
facebook.com at 2016-07-18 14:39:58 +0400 - resolve in 0.226565
facebook.com at 2016-07-18 14:40:00 +0400 - resolve in 0.226528
facebook.com at 2016-07-18 14:40:02 +0400 - resolve in 0.225464
facebook.com at 2016-07-18 14:40:04 +0400 - resolve in 0.246133
facebook.com at 2016-07-18 14:40:07 +0400 - resolve in 0.304836
id: 5, address: facebook.com not resolve
facebook.com at 2016-07-18 14:40:16 +0400 - resolve in 0.291418
id: 5, address: facebook.com not resolve
id: 5, address: facebook.com not resolve
facebook.com at 2016-07-18 14:40:32 +0400 - resolve in 0.240004
id: 5, address: facebook.com not resolve
facebook.com at 2016-07-18 14:40:42 +0400 - resolve in 0.286407
id: 5, address: facebook.com not resolve
id: 5, address: facebook.com not resolve
facebook.com at 2016-07-18 14:40:58 +0400 - resolve in 0.340195
facebook.com at 2016-07-18 14:41:00 +0400 - resolve in 0.240644
facebook.com at 2016-07-18 14:41:02 +0400 - resolve in 0.225599
facebook.com at 2016-07-18 14:41:05 +0400 - resolve in 0.230186
facebook.com at 2016-07-18 14:41:07 +0400 - resolve in 0.236915
facebook.com at 2016-07-18 14:41:09 +0400 - resolve in 0.25581
id: 5, address: facebook.com not resolve
id: 5, address: facebook.com not resolve
facebook.com at 2016-07-18 14:41:26 +0400 - resolve in 0.260978
facebook.com at 2016-07-18 14:41:28 +0400 - resolve in 0.240828
facebook.com at 2016-07-18 14:41:30 +0400 - resolve in 0.225857
facebook.com at 2016-07-18 14:41:32 +0400 - resolve in 0.25902
id: 5, address: facebook.com not resolve
facebook.com at 2016-07-18 14:41:42 +0400 - resolve in 0.226003
facebook.com at 2016-07-18 14:41:44 +0400 - resolve in 0.407337
facebook.com at 2016-07-18 14:41:46 +0400 - resolve in 0.344011
facebook.com at 2016-07-18 14:41:49 +0400 - resolve in 0.241939
facebook.com at 2016-07-18 14:41:51 +0400 - resolve in 0.225455
facebook.com at 2016-07-18 14:41:53 +0400 - resolve in 0.252498
facebook.com at 2016-07-18 14:41:55 +0400 - resolve in 0.337844
facebook.com at 2016-07-18 14:41:58 +0400 - resolve in 0.225101
facebook.com at 2016-07-18 14:42:00 +0400 - resolve in 0.25828
facebook.com at 2016-07-18 14:42:02 +0400 - resolve in 0.277395
facebook.com at 2016-07-18 14:42:05 +0400 - resolve in 0.307626
facebook.com at 2016-07-18 14:42:07 +0400 - resolve in 0.346624
facebook.com at 2016-07-18 14:42:09 +0400 - resolve in 0.240542
facebook.com at 2016-07-18 14:42:11 +0400 - resolve in 0.242111
facebook.com at 2016-07-18 14:42:14 +0400 - resolve in 0.240748
facebook.com at 2016-07-18 14:42:16 +0400 - resolve in 0.242518
facebook.com at 2016-07-18 14:42:18 +0400 - resolve in 0.244551
facebook.com at 2016-07-18 14:42:20 +0400 - resolve in 0.334967
facebook.com at 2016-07-18 14:42:23 +0400 - resolve in 0.251349
facebook.com at 2016-07-18 14:42:25 +0400 - resolve in 0.242843
facebook.com at 2016-07-18 14:42:27 +0400 - resolve in 0.247543
facebook.com at 2016-07-18 14:42:30 +0400 - resolve in 0.236308
facebook.com at 2016-07-18 14:42:32 +0400 - resolve in 0.241994
facebook.com at 2016-07-18 14:42:34 +0400 - resolve in 0.241959
facebook.com at 2016-07-18 14:42:36 +0400 - resolve in 0.244622
facebook.com at 2016-07-18 14:42:39 +0400 - resolve in 0.240552
facebook.com at 2016-07-18 14:42:41 +0400 - resolve in 0.242847
facebook.com at 2016-07-18 14:42:43 +0400 - resolve in 0.269719
facebook.com at 2016-07-18 14:42:45 +0400 - resolve in 0.368535
facebook.com at 2016-07-18 14:42:48 +0400 - resolve in 0.291158
facebook.com at 2016-07-18 14:42:50 +0400 - resolve in 0.242696
facebook.com at 2016-07-18 14:42:52 +0400 - resolve in 0.242742
facebook.com at 2016-07-18 14:42:55 +0400 - resolve in 0.244327
facebook.com at 2016-07-18 14:42:57 +0400 - resolve in 0.344054
facebook.com at 2016-07-18 14:42:59 +0400 - resolve in 0.241093
facebook.com at 2016-07-18 14:43:01 +0400 - resolve in 0.241931
facebook.com at 2016-07-18 14:43:04 +0400 - resolve in 0.244893
facebook.com at 2016-07-18 14:43:06 +0400 - resolve in 0.226352
facebook.com at 2016-07-18 14:43:08 +0400 - resolve in 0.225945
facebook.com at 2016-07-18 14:43:10 +0400 - resolve in 0.272448
facebook.com at 2016-07-18 14:43:13 +0400 - resolve in 0.240045
facebook.com at 2016-07-18 14:43:15 +0400 - resolve in 0.243109
facebook.com at 2016-07-18 14:43:17 +0400 - resolve in 0.240902
facebook.com at 2016-07-18 14:43:19 +0400 - resolve in 0.24126
facebook.com at 2016-07-18 14:43:22 +0400 - resolve in 0.224832
facebook.com at 2016-07-18 14:43:24 +0400 - resolve in 0.262706
facebook.com at 2016-07-18 14:43:26 +0400 - resolve in 0.344252
facebook.com at 2016-07-18 14:43:29 +0400 - resolve in 0.269441
facebook.com at 2016-07-18 14:43:31 +0400 - resolve in 0.223752
facebook.com at 2016-07-18 14:43:33 +0400 - resolve in 0.225392
facebook.com at 2016-07-18 14:43:35 +0400 - resolve in 0.250109
facebook.com at 2016-07-18 14:43:38 +0400 - resolve in 0.24432
facebook.com at 2016-07-18 14:43:40 +0400 - resolve in 0.242172
facebook.com at 2016-07-18 14:43:43 +0400 - resolve in 0.335999
facebook.com at 2016-07-18 14:43:45 +0400 - resolve in 0.344562
facebook.com at 2016-07-18 14:43:47 +0400 - resolve in 0.267532
facebook.com at 2016-07-18 14:43:50 +0400 - resolve in 0.32039
facebook.com at 2016-07-18 14:43:52 +0400 - resolve in 0.344717
facebook.com at 2016-07-18 14:43:54 +0400 - resolve in 0.346339
facebook.com at 2016-07-18 14:43:57 +0400 - resolve in 0.342857
facebook.com at 2016-07-18 14:43:59 +0400 - resolve in 0.344017
facebook.com at 2016-07-18 14:44:01 +0400 - resolve in 0.345786
facebook.com at 2016-07-18 14:44:04 +0400 - resolve in 0.346415
facebook.com at 2016-07-18 14:44:06 +0400 - resolve in 0.338613
facebook.com at 2016-07-18 14:44:08 +0400 - resolve in 0.34754
facebook.com at 2016-07-18 14:44:11 +0400 - resolve in 0.271159
facebook.com at 2016-07-18 14:44:13 +0400 - resolve in 0.361023
facebook.com at 2016-07-18 14:44:15 +0400 - resolve in 0.299988
facebook.com at 2016-07-18 14:44:18 +0400 - resolve in 0.271453
facebook.com at 2016-07-18 14:44:20 +0400 - resolve in 0.315956
facebook.com at 2016-07-18 14:44:22 +0400 - resolve in 0.363982
facebook.com at 2016-07-18 14:44:25 +0400 - resolve in 0.323131
facebook.com at 2016-07-18 14:44:27 +0400 - resolve in 0.300457
facebook.com at 2016-07-18 14:44:29 +0400 - resolve in 0.346087
facebook.com at 2016-07-18 14:44:32 +0400 - resolve in 0.372554
facebook.com at 2016-07-18 14:44:34 +0400 - resolve in 0.340986
facebook.com at 2016-07-18 14:44:37 +0400 - resolve in 0.269268
facebook.com at 2016-07-18 14:44:39 +0400 - resolve in 0.517656
facebook.com at 2016-07-18 14:44:41 +0400 - resolve in 0.266517
facebook.com at 2016-07-18 14:44:44 +0400 - resolve in 0.423711
facebook.com at 2016-07-18 14:44:46 +0400 - resolve in 0.342741
facebook.com at 2016-07-18 14:44:48 +0400 - resolve in 0.268293
facebook.com at 2016-07-18 14:44:51 +0400 - resolve in 0.315721
facebook.com at 2016-07-18 14:44:53 +0400 - resolve in 0.269129
facebook.com at 2016-07-18 14:44:55 +0400 - resolve in 0.318318
facebook.com at 2016-07-18 14:44:58 +0400 - resolve in 0.347868
facebook.com at 2016-07-18 14:45:00 +0400 - resolve in 0.268032
id: 5, address: facebook.com not resolve
facebook.com at 2016-07-18 14:45:09 +0400 - resolve in 0.374227
facebook.com at 2016-07-18 14:45:12 +0400 - resolve in 0.343862
facebook.com at 2016-07-18 14:45:14 +0400 - resolve in 0.342823
facebook.com at 2016-07-18 14:45:16 +0400 - resolve in 0.345292
facebook.com at 2016-07-18 14:45:19 +0400 - resolve in 0.344898
facebook.com at 2016-07-18 14:45:21 +0400 - resolve in 0.34585
facebook.com at 2016-07-18 14:45:23 +0400 - resolve in 0.266776
facebook.com at 2016-07-18 14:45:26 +0400 - resolve in 0.533782
facebook.com at 2016-07-18 14:45:28 +0400 - resolve in 0.443596
facebook.com at 2016-07-18 14:45:31 +0400 - resolve in 0.591086
facebook.com at 2016-07-18 14:45:33 +0400 - resolve in 0.448881
facebook.com at 2016-07-18 14:45:36 +0400 - resolve in 0.266915
facebook.com at 2016-07-18 14:45:38 +0400 - resolve in 0.268769
facebook.com at 2016-07-18 14:45:40 +0400 - resolve in 0.357477
facebook.com at 2016-07-18 14:45:43 +0400 - resolve in 0.270204
facebook.com at 2016-07-18 14:45:46 +0400 - resolve in 0.931768
facebook.com at 2016-07-18 14:45:48 +0400 - resolve in 0.509065
facebook.com at 2016-07-18 14:45:54 +0400 - resolve in 3.594296
facebook.com at 2016-07-18 14:46:00 +0400 - resolve in 3.78521
facebook.com at 2016-07-18 14:46:06 +0400 - resolve in 4.227746
id: 5, address: facebook.com not resolve
facebook.com at 2016-07-18 14:46:16 +0400 - resolve in 0.887979
facebook.com at 2016-07-18 14:46:19 +0400 - resolve in 1.751842
facebook.com at 2016-07-18 14:46:23 +0400 - resolve in 1.090278
facebook.com at 2016-07-18 14:46:25 +0400 - resolve in 0.720759
facebook.com at 2016-07-18 14:46:28 +0400 - resolve in 1.119574
facebook.com at 2016-07-18 14:46:35 +0400 - resolve in 4.256443
facebook.com at 2016-07-18 14:46:38 +0400 - resolve in 1.648904
facebook.com at 2016-07-18 14:46:41 +0400 - resolve in 0.357459
facebook.com at 2016-07-18 14:46:44 +0400 - resolve in 1.682587
facebook.com at 2016-07-18 14:46:47 +0400 - resolve in 0.990512
facebook.com at 2016-07-18 14:46:50 +0400 - resolve in 0.677157
id: 5, address: facebook.com not resolve
id: 5, address: facebook.com not resolve
facebook.com at 2016-07-18 14:47:06 +0400 - resolve in 0.297402
facebook.com at 2016-07-18 14:47:09 +0400 - resolve in 0.896535
facebook.com at 2016-07-18 14:47:14 +0400 - resolve in 2.917371
id: 5, address: facebook.com not resolve
facebook.com at 2016-07-18 14:47:24 +0400 - resolve in 0.266494
id: 5, address: facebook.com not resolve
facebook.com at 2016-07-18 14:47:33 +0400 - resolve in 0.388492
facebook.com at 2016-07-18 14:47:35 +0400 - resolve in 0.296814
id: 5, address: facebook.com not resolve
facebook.com at 2016-07-18 14:47:45 +0400 - resolve in 0.378134
facebook.com at 2016-07-18 14:47:47 +0400 - resolve in 0.343677
facebook.com at 2016-07-18 14:47:49 +0400 - resolve in 0.326849
facebook.com at 2016-07-18 14:47:52 +0400 - resolve in 0.598329
facebook.com at 2016-07-18 14:47:54 +0400 - resolve in 0.313335
facebook.com at 2016-07-18 14:47:57 +0400 - resolve in 0.276594
facebook.com at 2016-07-18 14:47:59 +0400 - resolve in 0.311633
facebook.com at 2016-07-18 14:48:01 +0400 - resolve in 0.342462
facebook.com at 2016-07-18 14:48:04 +0400 - resolve in 0.344079
id: 5, address: facebook.com not resolve
facebook.com at 2016-07-18 14:48:14 +0400 - resolve in 0.840619
facebook.com at 2016-07-18 14:48:17 +0400 - resolve in 0.614869
facebook.com at 2016-07-18 14:48:20 +0400 - resolve in 0.840843
facebook.com at 2016-07-18 14:48:22 +0400 - resolve in 0.359142
id: 5, address: facebook.com not resolve
facebook.com at 2016-07-18 14:48:32 +0400 - resolve in 1.06722
facebook.com at 2016-07-18 14:48:34 +0400 - resolve in 0.274844
facebook.com at 2016-07-18 14:48:37 +0400 - resolve in 0.356251
facebook.com at 2016-07-18 14:48:39 +0400 - resolve in 0.364828
id: 5, address: facebook.com not resolve
id: 5, address: facebook.com not resolve
id: 5, address: facebook.com not resolve
id: 5, address: facebook.com not resolve
id: 5, address: facebook.com not resolve
facebook.com at 2016-07-18 14:49:18 +0400 - resolve in 1.835677
facebook.com at 2016-07-18 14:49:22 +0400 - resolve in 1.664274
id: 5, address: facebook.com not resolve
id: 5, address: facebook.com not resolve
id: 5, address: facebook.com not resolve
facebook.com at 2016-07-18 14:49:51 +0400 - resolve in 1.939746
facebook.com at 2016-07-18 14:49:55 +0400 - resolve in 2.043088
facebook.com at 2016-07-18 14:49:58 +0400 - resolve in 1.042754
id: 5, address: facebook.com not resolve
facebook.com at 2016-07-18 14:50:07 +0400 - resolve in 0.394217
facebook.com at 2016-07-18 14:50:10 +0400 - resolve in 0.267327
facebook.com at 2016-07-18 14:50:12 +0400 - resolve in 0.268177
facebook.com at 2016-07-18 14:50:14 +0400 - resolve in 0.290497
facebook.com at 2016-07-18 14:50:17 +0400 - resolve in 1.144708
facebook.com at 2016-07-18 14:50:20 +0400 - resolve in 0.307306
facebook.com at 2016-07-18 14:50:22 +0400 - resolve in 0.267162
facebook.com at 2016-07-18 14:50:24 +0400 - resolve in 0.289822
id: 5, address: facebook.com not resolve
facebook.com at 2016-07-18 14:50:38 +0400 - resolve in 4.596978
facebook.com at 2016-07-18 14:50:43 +0400 - resolve in 3.514548
facebook.com at 2016-07-18 14:50:47 +0400 - resolve in 1.491934
facebook.com at 2016-07-18 14:50:50 +0400 - resolve in 0.614201
facebook.com at 2016-07-18 14:50:52 +0400 - resolve in 0.273735
facebook.com at 2016-07-18 14:50:54 +0400 - resolve in 0.266824
facebook.com at 2016-07-18 14:50:57 +0400 - resolve in 0.311753
facebook.com at 2016-07-18 14:50:59 +0400 - resolve in 0.266203
facebook.com at 2016-07-18 14:51:02 +0400 - resolve in 1.302146
facebook.com at 2016-07-18 14:51:04 +0400 - resolve in 0.280541
facebook.com at 2016-07-18 14:51:07 +0400 - resolve in 0.343269
facebook.com at 2016-07-18 14:51:09 +0400 - resolve in 0.343874
facebook.com at 2016-07-18 14:51:11 +0400 - resolve in 0.346065
facebook.com at 2016-07-18 14:51:14 +0400 - resolve in 0.369698
facebook.com at 2016-07-18 14:51:16 +0400 - resolve in 0.269913
facebook.com at 2016-07-18 14:51:18 +0400 - resolve in 0.267827
facebook.com at 2016-07-18 14:51:21 +0400 - resolve in 0.366408
facebook.com at 2016-07-18 14:51:23 +0400 - resolve in 0.345679
facebook.com at 2016-07-18 14:51:25 +0400 - resolve in 0.344574
facebook.com at 2016-07-18 14:51:28 +0400 - resolve in 0.341948
facebook.com at 2016-07-18 14:51:30 +0400 - resolve in 0.269284
facebook.com at 2016-07-18 14:51:32 +0400 - resolve in 0.312803
facebook.com at 2016-07-18 14:51:35 +0400 - resolve in 0.270106
facebook.com at 2016-07-18 14:51:37 +0400 - resolve in 0.266396
facebook.com at 2016-07-18 14:51:39 +0400 - resolve in 0.399653
facebook.com at 2016-07-18 14:51:42 +0400 - resolve in 0.346201
facebook.com at 2016-07-18 14:51:44 +0400 - resolve in 0.394019
facebook.com at 2016-07-18 14:51:46 +0400 - resolve in 0.279729
facebook.com at 2016-07-18 14:51:49 +0400 - resolve in 0.322701
facebook.com at 2016-07-18 14:51:51 +0400 - resolve in 0.266358
facebook.com at 2016-07-18 14:51:53 +0400 - resolve in 0.267983
facebook.com at 2016-07-18 14:51:56 +0400 - resolve in 0.269466
facebook.com at 2016-07-18 14:51:58 +0400 - resolve in 0.266408
facebook.com at 2016-07-18 14:52:00 +0400 - resolve in 0.267079
facebook.com at 2016-07-18 14:52:03 +0400 - resolve in 0.362066
facebook.com at 2016-07-18 14:52:05 +0400 - resolve in 0.277684
facebook.com at 2016-07-18 14:52:07 +0400 - resolve in 0.270928
facebook.com at 2016-07-18 14:52:10 +0400 - resolve in 0.378281
facebook.com at 2016-07-18 14:52:12 +0400 - resolve in 0.34421
facebook.com at 2016-07-18 14:52:15 +0400 - resolve in 0.989904
id: 5, address: facebook.com not resolve
facebook.com at 2016-07-18 14:52:24 +0400 - resolve in 0.517594
facebook.com at 2016-07-18 14:52:27 +0400 - resolve in 0.267639
facebook.com at 2016-07-18 14:52:29 +0400 - resolve in 0.286378
facebook.com at 2016-07-18 14:52:31 +0400 - resolve in 0.328522
facebook.com at 2016-07-18 14:52:34 +0400 - resolve in 0.336672
facebook.com at 2016-07-18 14:52:36 +0400 - resolve in 0.269485
facebook.com at 2016-07-18 14:52:38 +0400 - resolve in 0.268192
facebook.com at 2016-07-18 14:52:41 +0400 - resolve in 0.39261
facebook.com at 2016-07-18 14:52:43 +0400 - resolve in 0.280283
facebook.com at 2016-07-18 14:52:45 +0400 - resolve in 0.268923
facebook.com at 2016-07-18 14:52:48 +0400 - resolve in 0.382128
facebook.com at 2016-07-18 14:52:50 +0400 - resolve in 0.345138
facebook.com at 2016-07-18 14:52:52 +0400 - resolve in 0.361788
facebook.com at 2016-07-18 14:52:55 +0400 - resolve in 0.297404
facebook.com at 2016-07-18 14:52:57 +0400 - resolve in 0.270634
facebook.com at 2016-07-18 14:53:00 +0400 - resolve in 0.341814
facebook.com at 2016-07-18 14:53:02 +0400 - resolve in 0.344593
facebook.com at 2016-07-18 14:53:05 +0400 - resolve in 0.345723
facebook.com at 2016-07-18 14:53:07 +0400 - resolve in 0.3435
facebook.com at 2016-07-18 14:53:09 +0400 - resolve in 0.342797
facebook.com at 2016-07-18 14:53:12 +0400 - resolve in 0.346536
facebook.com at 2016-07-18 14:53:14 +0400 - resolve in 0.34665
facebook.com at 2016-07-18 14:53:17 +0400 - resolve in 0.598863
facebook.com at 2016-07-18 14:53:19 +0400 - resolve in 0.568638
facebook.com at 2016-07-18 14:53:22 +0400 - resolve in 0.380693
facebook.com at 2016-07-18 14:53:24 +0400 - resolve in 0.359274
facebook.com at 2016-07-18 14:53:26 +0400 - resolve in 0.437074
facebook.com at 2016-07-18 14:53:29 +0400 - resolve in 0.335709
facebook.com at 2016-07-18 14:53:31 +0400 - resolve in 0.341877
facebook.com at 2016-07-18 14:53:33 +0400 - resolve in 0.362764
facebook.com at 2016-07-18 14:53:36 +0400 - resolve in 0.271259
facebook.com at 2016-07-18 14:53:38 +0400 - resolve in 0.294419
facebook.com at 2016-07-18 14:53:40 +0400 - resolve in 0.28372
facebook.com at 2016-07-18 14:53:43 +0400 - resolve in 0.30265
facebook.com at 2016-07-18 14:53:45 +0400 - resolve in 0.344478
facebook.com at 2016-07-18 14:53:47 +0400 - resolve in 0.343727
facebook.com at 2016-07-18 14:53:50 +0400 - resolve in 0.269493
facebook.com at 2016-07-18 14:53:52 +0400 - resolve in 0.316077
facebook.com at 2016-07-18 14:53:54 +0400 - resolve in 0.347555
facebook.com at 2016-07-18 14:53:57 +0400 - resolve in 0.442877
facebook.com at 2016-07-18 14:53:59 +0400 - resolve in 0.348115
id: 5, address: facebook.com not resolve
facebook.com at 2016-07-18 14:54:09 +0400 - resolve in 0.266044
facebook.com at 2016-07-18 14:54:11 +0400 - resolve in 0.353019
facebook.com at 2016-07-18 14:54:14 +0400 - resolve in 0.35071
facebook.com at 2016-07-18 14:54:16 +0400 - resolve in 0.268748
facebook.com at 2016-07-18 14:54:18 +0400 - resolve in 0.303752
facebook.com at 2016-07-18 14:54:21 +0400 - resolve in 0.273101
facebook.com at 2016-07-18 14:54:23 +0400 - resolve in 0.31618
facebook.com at 2016-07-18 14:54:25 +0400 - resolve in 0.279587
facebook.com at 2016-07-18 14:54:28 +0400 - resolve in 0.268857
facebook.com at 2016-07-18 14:54:30 +0400 - resolve in 0.36338
facebook.com at 2016-07-18 14:54:32 +0400 - resolve in 0.339297
facebook.com at 2016-07-18 14:54:35 +0400 - resolve in 0.374983
facebook.com at 2016-07-18 14:54:37 +0400 - resolve in 0.332842
facebook.com at 2016-07-18 14:54:40 +0400 - resolve in 0.3638
facebook.com at 2016-07-18 14:54:42 +0400 - resolve in 0.331889
facebook.com at 2016-07-18 14:54:45 +0400 - resolve in 0.37381
facebook.com at 2016-07-18 14:54:47 +0400 - resolve in 0.324464
facebook.com at 2016-07-18 14:54:49 +0400 - resolve in 0.343628
facebook.com at 2016-07-18 14:54:52 +0400 - resolve in 0.389444
facebook.com at 2016-07-18 14:54:54 +0400 - resolve in 0.266612
facebook.com at 2016-07-18 14:54:56 +0400 - resolve in 0.372443
facebook.com at 2016-07-18 14:54:59 +0400 - resolve in 0.340814
facebook.com at 2016-07-18 14:55:01 +0400 - resolve in 0.29915
facebook.com at 2016-07-18 14:55:04 +0400 - resolve in 0.477639
facebook.com at 2016-07-18 14:55:06 +0400 - resolve in 0.266919
facebook.com at 2016-07-18 14:55:08 +0400 - resolve in 0.32089
facebook.com at 2016-07-18 14:55:11 +0400 - resolve in 0.340962
facebook.com at 2016-07-18 14:55:13 +0400 - resolve in 0.334785
facebook.com at 2016-07-18 14:55:15 +0400 - resolve in 0.268409
facebook.com at 2016-07-18 14:55:18 +0400 - resolve in 0.296764
id: 5, address: facebook.com not resolve
facebook.com at 2016-07-18 14:55:27 +0400 - resolve in 0.389288
facebook.com at 2016-07-18 14:55:29 +0400 - resolve in 0.342927
facebook.com at 2016-07-18 14:55:32 +0400 - resolve in 0.26907
facebook.com at 2016-07-18 14:55:34 +0400 - resolve in 0.303026
facebook.com at 2016-07-18 14:55:36 +0400 - resolve in 0.336491
facebook.com at 2016-07-18 14:55:39 +0400 - resolve in 0.334154
facebook.com at 2016-07-18 14:55:41 +0400 - resolve in 0.336072
facebook.com at 2016-07-18 14:55:43 +0400 - resolve in 0.329014
facebook.com at 2016-07-18 14:55:46 +0400 - resolve in 0.329817
facebook.com at 2016-07-18 14:55:48 +0400 - resolve in 0.345947
facebook.com at 2016-07-18 14:55:50 +0400 - resolve in 0.266269
facebook.com at 2016-07-18 14:55:53 +0400 - resolve in 0.390318
facebook.com at 2016-07-18 14:55:55 +0400 - resolve in 0.346288
facebook.com at 2016-07-18 14:55:57 +0400 - resolve in 0.351829
facebook.com at 2016-07-18 14:56:00 +0400 - resolve in 0.310043
id: 5, address: facebook.com not resolve
facebook.com at 2016-07-18 14:56:09 +0400 - resolve in 0.306652
facebook.com at 2016-07-18 14:56:12 +0400 - resolve in 0.322446
facebook.com at 2016-07-18 14:56:14 +0400 - resolve in 0.332956
facebook.com at 2016-07-18 14:56:16 +0400 - resolve in 0.331068
facebook.com at 2016-07-18 14:56:19 +0400 - resolve in 0.354414
facebook.com at 2016-07-18 14:56:21 +0400 - resolve in 0.280043
facebook.com at 2016-07-18 14:56:23 +0400 - resolve in 0.327662
facebook.com at 2016-07-18 14:56:26 +0400 - resolve in 0.333146
facebook.com at 2016-07-18 14:56:28 +0400 - resolve in 0.270661
facebook.com at 2016-07-18 14:56:30 +0400 - resolve in 0.284529
